C51 COMPILER V9.60.0.0   KEY                                                               04/03/2024 13:37:21 PAGE 1   


C51 COMPILER V9.60.0.0, COMPILATION OF MODULE KEY
OBJECT MODULE PLACED IN .\Objects\KEY.obj
COMPILER INVOKED BY: C:\Keil_v5\C51\BIN\C51.EXE KEY.C OPTIMIZE(8,SPEED) BROWSE DEBUG OBJECTEXTEND PRINT(.\Listings\KEY.l
                    -st) TABS(2) OBJECT(.\Objects\KEY.obj)

line level    source

   1          #include <REG52.H>
   2          
   3          sbit KEY1 = P1 ^ 0;
   4          sbit LED1 = P0 ^ 0;
   5          sbit LED2 = P0 ^ 1;
   6          bit backstat = 1;
   7          void delay(unsigned int num);
   8          unsigned char code LedChar[] = { // 数码管显示字符转换表
   9              0xC0, 0xF9, 0xA4, 0xB0, 0x99, 0x92, 0x82, 0xF8,
  10              0x80, 0x90, 0x88, 0x83, 0xC6, 0xA1, 0x86, 0x8E};
  11          bit KeyStat = 1;
  12          unsigned char cnt = 0;
  13          void main()
  14          {
  15   1          TMOD = 0X01;
  16   1          TH0 = (65536 - 2000) / 256;
  17   1          TL0 = (65536 - 2000) % 256;
  18   1          TR0 = 1;
  19   1          ET0 = 1;
  20   1          EA = 1;
  21   1          P1 = 0XFF;
  22   1          P0 = 0X00;
  23   1          while (1)
  24   1          {
  25   2              if (KeyStat != backstat)
  26   2              {
  27   3                  
  28   3                  if (backstat == 1)
  29   3                  {
  30   4                     
  31   4                      //LED1 = ~LED1;
  32   4                  }
  33   3                  else
  34   3                  {
  35   4                      // 弹起
  36   4                       // 按下
  37   4                      cnt++;
  38   4                      if(cnt>=10)
  39   4                      {
  40   5                          cnt = 0;
  41   5                      }
  42   4                      P0 = ~LedChar[cnt];
  43   4                  }
  44   3                  backstat = KeyStat;
  45   3              }
  46   2          }
  47   1      }
  48          void delay(unsigned int num)
  49          {
  50   1      
  51   1          while (num--)
  52   1              ;
  53   1      }
  54          
C51 COMPILER V9.60.0.0   KEY                                                               04/03/2024 13:37:21 PAGE 2   

  55          void timer0_isr() interrupt 1
  56          {
  57   1          static unsigned char keybuff = 0xff;
  58   1          TH0 = (65536 - 2000) / 256;
  59   1          TL0 = (65536 - 2000) % 256;
  60   1          keybuff = (keybuff << 1) | KEY1;
  61   1          if (keybuff == 0x00)
  62   1          {
  63   2              KeyStat = 0;
  64   2          }
  65   1          else if (keybuff == 0xff)
  66   1          {
  67   2              KeyStat = 1;
  68   2          }
  69   1      }


MODULE INFORMATION:   STATIC OVERLAYABLE
   CODE SIZE        =    128    ----
   CONSTANT SIZE    =     16    ----
   XDATA SIZE       =   ----    ----
   PDATA SIZE       =   ----    ----
   DATA SIZE        =      2    ----
   IDATA SIZE       =   ----    ----
   BIT SIZE         =      2    ----
END OF MODULE INFORMATION.


C51 COMPILATION COMPLETE.  0 WARNING(S),  0 ERROR(S)
